
train.py
[34m[1mwandb[39m[22m: [33mWARNING[39m Calling wandb.run.save without any arguments is deprecated.Changes to attributes are automatically persisted.
ftfy or spacy is not installed using BERT BasicTokenizer instead of ftfy.
Some weights of the model checkpoint at openai/clip-vit-base-patch32 were not used when initializing CLIPTextModel: ['vision_model.encoder.layers.11.self_attn.v_proj.weight', 'vision_model.encoder.layers.9.self_attn.k_proj.bias', 'vision_model.encoder.layers.6.self_attn.v_proj.bias', 'vision_model.encoder.layers.10.layer_norm2.bias', 'vision_model.encoder.layers.3.layer_norm1.weight', 'vision_model.encoder.layers.9.self_attn.q_proj.weight', 'vision_model.encoder.layers.0.self_attn.out_proj.weight', 'vision_model.post_layernorm.bias', 'vision_model.encoder.layers.8.layer_norm2.bias', 'vision_model.encoder.layers.4.layer_norm2.weight', 'vision_model.encoder.layers.4.self_attn.v_proj.weight', 'vision_model.encoder.layers.4.mlp.fc1.weight', 'vision_model.encoder.layers.8.mlp.fc1.weight', 'text_projection.weight', 'vision_model.encoder.layers.4.mlp.fc2.weight', 'vision_model.encoder.layers.4.self_attn.q_proj.bias', 'vision_model.embeddings.position_ids', 'vision_model.encoder.layers.5.self_attn.out_proj.bias', 'vision_model.encoder.layers.5.layer_norm2.bias', 'vision_model.encoder.layers.2.layer_norm1.weight', 'vision_model.encoder.layers.7.self_attn.v_proj.bias', 'vision_model.encoder.layers.0.mlp.fc1.weight', 'vision_model.encoder.layers.0.self_attn.k_proj.bias', 'vision_model.encoder.layers.7.self_attn.out_proj.bias', 'vision_model.encoder.layers.10.self_attn.q_proj.weight', 'vision_model.encoder.layers.1.layer_norm2.bias', 'vision_model.encoder.layers.1.self_attn.out_proj.bias', 'vision_model.encoder.layers.3.self_attn.out_proj.weight', 'vision_model.encoder.layers.0.mlp.fc2.weight', 'vision_model.encoder.layers.7.self_attn.out_proj.weight', 'vision_model.encoder.layers.1.self_attn.k_proj.weight', 'vision_model.encoder.layers.0.layer_norm2.weight', 'vision_model.encoder.layers.11.mlp.fc2.bias', 'vision_model.encoder.layers.9.layer_norm1.bias', 'vision_model.encoder.layers.0.self_attn.v_proj.bias', 'vision_model.encoder.layers.5.self_attn.q_proj.bias', 'vision_model.encoder.layers.7.layer_norm1.bias', 'vision_model.encoder.layers.11.mlp.fc2.weight', 'vision_model.encoder.layers.2.self_attn.k_proj.bias', 'vision_model.encoder.layers.1.self_attn.k_proj.bias', 'vision_model.encoder.layers.3.self_attn.k_proj.weight', 'vision_model.encoder.layers.10.self_attn.q_proj.bias', 'vision_model.encoder.layers.2.layer_norm2.weight', 'vision_model.encoder.layers.6.self_attn.v_proj.weight', 'vision_model.encoder.layers.0.self_attn.q_proj.bias', 'vision_model.encoder.layers.11.mlp.fc1.bias', 'vision_model.encoder.layers.0.layer_norm1.weight', 'vision_model.encoder.layers.6.self_attn.q_proj.weight', 'vision_model.encoder.layers.7.layer_norm2.bias', 'vision_model.encoder.layers.3.self_attn.q_proj.bias', 'vision_model.encoder.layers.7.mlp.fc1.weight', 'vision_model.encoder.layers.4.mlp.fc2.bias', 'vision_model.encoder.layers.2.layer_norm1.bias', 'vision_model.encoder.layers.11.self_attn.q_proj.bias', 'vision_model.encoder.layers.10.self_attn.k_proj.bias', 'vision_model.encoder.layers.11.layer_norm1.bias', 'vision_model.encoder.layers.10.self_attn.out_proj.weight', 'vision_model.encoder.layers.8.self_attn.k_proj.bias', 'vision_model.encoder.layers.10.self_attn.v_proj.bias', 'vision_model.encoder.layers.10.self_attn.k_proj.weight', 'vision_model.encoder.layers.5.self_attn.q_proj.weight', 'vision_model.encoder.layers.5.layer_norm1.bias', 'vision_model.encoder.layers.6.layer_norm2.weight', 'vision_model.encoder.layers.10.mlp.fc2.bias', 'vision_model.encoder.layers.4.self_attn.out_proj.weight', 'vision_model.encoder.layers.1.self_attn.v_proj.weight', 'vision_model.encoder.layers.8.self_attn.v_proj.bias', 'vision_model.encoder.layers.1.self_attn.q_proj.bias', 'vision_model.embeddings.class_embedding', 'vision_model.encoder.layers.4.self_attn.q_proj.weight', 'vision_model.encoder.layers.9.layer_norm2.weight', 'vision_model.encoder.layers.0.layer_norm2.bias', 'vision_model.encoder.layers.7.mlp.fc1.bias', 'vision_model.encoder.layers.5.layer_norm1.weight', 'vision_model.encoder.layers.1.self_attn.v_proj.bias', 'vision_model.encoder.layers.5.self_attn.v_proj.bias', 'vision_model.encoder.layers.4.self_attn.out_proj.bias', 'vision_model.encoder.layers.4.self_attn.v_proj.bias', 'vision_model.encoder.layers.1.self_attn.out_proj.weight', 'vision_model.encoder.layers.1.layer_norm2.weight', 'vision_model.encoder.layers.8.mlp.fc1.bias', 'vision_model.encoder.layers.3.self_attn.v_proj.bias', 'vision_model.encoder.layers.2.self_attn.v_proj.weight', 'vision_model.encoder.layers.9.mlp.fc2.weight', 'vision_model.pre_layrnorm.weight', 'vision_model.encoder.layers.11.self_attn.v_proj.bias', 'vision_model.encoder.layers.2.self_attn.out_proj.weight', 'vision_model.encoder.layers.3.self_attn.out_proj.bias', 'vision_model.encoder.layers.6.layer_norm2.bias', 'vision_model.encoder.layers.5.self_attn.k_proj.weight', 'vision_model.encoder.layers.11.layer_norm2.bias', 'visual_projection.weight', 'vision_model.encoder.layers.7.self_attn.k_proj.weight', 'vision_model.embeddings.position_embedding.weight', 'vision_model.encoder.layers.7.layer_norm2.weight', 'vision_model.encoder.layers.4.layer_norm1.bias', 'vision_model.encoder.layers.9.layer_norm2.bias', 'vision_model.encoder.layers.5.self_attn.out_proj.weight', 'vision_model.encoder.layers.7.self_attn.q_proj.weight', 'vision_model.encoder.layers.5.mlp.fc1.weight', 'vision_model.encoder.layers.2.self_attn.v_proj.bias', 'vision_model.encoder.layers.0.self_attn.k_proj.weight', 'vision_model.encoder.layers.9.mlp.fc1.weight', 'vision_model.encoder.layers.9.self_attn.v_proj.bias', 'vision_model.encoder.layers.6.self_attn.k_proj.weight', 'vision_model.encoder.layers.10.mlp.fc1.weight', 'vision_model.encoder.layers.3.layer_norm2.weight', 'vision_model.encoder.layers.3.layer_norm2.bias', 'vision_model.encoder.layers.10.self_attn.v_proj.weight', 'vision_model.encoder.layers.2.self_attn.q_proj.weight', 'vision_model.encoder.layers.1.mlp.fc1.bias', 'vision_model.encoder.layers.1.mlp.fc1.weight', 'vision_model.encoder.layers.9.self_attn.k_proj.weight', 'vision_model.encoder.layers.6.mlp.fc2.weight', 'vision_model.encoder.layers.6.self_attn.out_proj.weight', 'vision_model.encoder.layers.10.layer_norm1.weight', 'vision_model.encoder.layers.11.self_attn.q_proj.weight', 'vision_model.encoder.layers.3.self_attn.k_proj.bias', 'vision_model.encoder.layers.6.self_attn.q_proj.bias', 'vision_model.encoder.layers.2.mlp.fc2.weight', 'vision_model.encoder.layers.11.self_attn.k_proj.bias', 'vision_model.encoder.layers.6.mlp.fc2.bias', 'vision_model.encoder.layers.1.self_attn.q_proj.weight', 'vision_model.encoder.layers.7.self_attn.v_proj.weight', 'vision_model.encoder.layers.8.self_attn.out_proj.bias', 'vision_model.encoder.layers.3.mlp.fc1.bias', 'vision_model.encoder.layers.6.mlp.fc1.bias', 'vision_model.encoder.layers.3.layer_norm1.bias', 'vision_model.encoder.layers.9.mlp.fc1.bias', 'vision_model.encoder.layers.2.self_attn.out_proj.bias', 'vision_model.encoder.layers.10.mlp.fc2.weight', 'vision_model.encoder.layers.5.mlp.fc2.bias', 'vision_model.encoder.layers.8.mlp.fc2.bias', 'vision_model.encoder.layers.7.mlp.fc2.bias', 'vision_model.encoder.layers.6.layer_norm1.weight', 'vision_model.encoder.layers.2.self_attn.k_proj.weight', 'vision_model.encoder.layers.11.layer_norm2.weight', 'vision_model.encoder.layers.9.self_attn.out_proj.bias', 'vision_model.encoder.layers.11.mlp.fc1.weight', 'vision_model.encoder.layers.8.layer_norm1.bias', 'vision_model.encoder.layers.0.self_attn.q_proj.weight', 'vision_model.encoder.layers.10.mlp.fc1.bias', 'vision_model.encoder.layers.8.self_attn.v_proj.weight', 'vision_model.encoder.layers.8.mlp.fc2.weight', 'vision_model.encoder.layers.5.self_attn.k_proj.bias', 'vision_model.encoder.layers.6.layer_norm1.bias', 'vision_model.post_layernorm.weight', 'vision_model.encoder.layers.0.self_attn.out_proj.bias', 'vision_model.encoder.layers.1.layer_norm1.bias', 'vision_model.encoder.layers.7.self_attn.q_proj.bias', 'vision_model.encoder.layers.7.mlp.fc2.weight', 'vision_model.encoder.layers.2.self_attn.q_proj.bias', 'vision_model.encoder.layers.5.self_attn.v_proj.weight', 'vision_model.encoder.layers.9.self_attn.q_proj.bias', 'logit_scale', 'vision_model.encoder.layers.0.self_attn.v_proj.weight', 'vision_model.encoder.layers.10.layer_norm1.bias', 'vision_model.encoder.layers.9.layer_norm1.weight', 'vision_model.embeddings.patch_embedding.weight', 'vision_model.pre_layrnorm.bias', 'vision_model.encoder.layers.4.self_attn.k_proj.weight', 'vision_model.encoder.layers.10.self_attn.out_proj.bias', 'vision_model.encoder.layers.11.layer_norm1.weight', 'vision_model.encoder.layers.11.self_attn.out_proj.weight', 'vision_model.encoder.layers.4.mlp.fc1.bias', 'vision_model.encoder.layers.4.layer_norm2.bias', 'vision_model.encoder.layers.8.self_attn.k_proj.weight', 'vision_model.encoder.layers.2.mlp.fc1.bias', 'vision_model.encoder.layers.6.self_attn.out_proj.bias', 'vision_model.encoder.layers.4.layer_norm1.weight', 'vision_model.encoder.layers.2.layer_norm2.bias', 'vision_model.encoder.layers.6.mlp.fc1.weight', 'vision_model.encoder.layers.2.mlp.fc1.weight', 'vision_model.encoder.layers.1.mlp.fc2.bias', 'vision_model.encoder.layers.4.self_attn.k_proj.bias', 'vision_model.encoder.layers.3.self_attn.q_proj.weight', 'vision_model.encoder.layers.0.mlp.fc2.bias', 'vision_model.encoder.layers.1.layer_norm1.weight', 'vision_model.encoder.layers.3.self_attn.v_proj.weight', 'vision_model.encoder.layers.9.self_attn.out_proj.weight', 'vision_model.encoder.layers.8.self_attn.q_proj.weight', 'vision_model.encoder.layers.9.mlp.fc2.bias', 'vision_model.encoder.layers.11.self_attn.out_proj.bias', 'vision_model.encoder.layers.0.mlp.fc1.bias', 'vision_model.encoder.layers.7.layer_norm1.weight', 'vision_model.encoder.layers.5.mlp.fc1.bias', 'vision_model.encoder.layers.7.self_attn.k_proj.bias', 'vision_model.encoder.layers.5.layer_norm2.weight', 'vision_model.encoder.layers.5.mlp.fc2.weight', 'vision_model.encoder.layers.2.mlp.fc2.bias', 'vision_model.encoder.layers.3.mlp.fc2.bias', 'vision_model.encoder.layers.10.layer_norm2.weight', 'vision_model.encoder.layers.3.mlp.fc1.weight', 'vision_model.encoder.layers.8.self_attn.out_proj.weight', 'vision_model.encoder.layers.1.mlp.fc2.weight', 'vision_model.encoder.layers.6.self_attn.k_proj.bias', 'vision_model.encoder.layers.0.layer_norm1.bias', 'vision_model.encoder.layers.8.layer_norm2.weight', 'vision_model.encoder.layers.3.mlp.fc2.weight', 'vision_model.encoder.layers.11.self_attn.k_proj.weight', 'vision_model.encoder.layers.8.layer_norm1.weight', 'vision_model.encoder.layers.9.self_attn.v_proj.weight', 'vision_model.encoder.layers.8.self_attn.q_proj.bias']
- This IS expected if you are initializing CLIPTextModel from the checkpoint of a model trained on another task or with another architecture (e.g. initializing a BertForSequenceClassification model from a BertForPreTraining model).
- This IS NOT expected if you are initializing CLIPTextModel from the checkpoint of a model that you expect to be exactly identical (initializing a BertForSequenceClassification model from a BertForSequenceClassification model).
instantiated sampler
instantiating dataloader
Some weights of the model checkpoint at openai/clip-vit-base-patch32 were not used when initializing CLIPVisionModel: ['text_model.encoder.layers.6.self_attn.v_proj.bias', 'text_model.encoder.layers.6.mlp.fc1.bias', 'text_model.encoder.layers.9.self_attn.q_proj.bias', 'text_model.encoder.layers.6.self_attn.q_proj.bias', 'text_model.encoder.layers.10.self_attn.k_proj.weight', 'text_model.encoder.layers.8.mlp.fc2.weight', 'text_model.encoder.layers.6.layer_norm2.weight', 'text_model.embeddings.position_embedding.weight', 'text_model.encoder.layers.3.mlp.fc2.bias', 'text_model.encoder.layers.2.mlp.fc1.bias', 'text_model.encoder.layers.8.self_attn.k_proj.bias', 'text_model.embeddings.token_embedding.weight', 'text_projection.weight', 'text_model.encoder.layers.4.mlp.fc2.weight', 'text_model.encoder.layers.3.self_attn.k_proj.bias', 'text_model.encoder.layers.9.self_attn.out_proj.weight', 'text_model.encoder.layers.5.mlp.fc1.weight', 'text_model.encoder.layers.11.self_attn.k_proj.bias', 'text_model.encoder.layers.1.mlp.fc1.weight', 'text_model.encoder.layers.3.self_attn.v_proj.bias', 'text_model.encoder.layers.2.self_attn.k_proj.weight', 'text_model.encoder.layers.5.self_attn.k_proj.weight', 'text_model.encoder.layers.4.self_attn.q_proj.bias', 'text_model.encoder.layers.10.layer_norm2.bias', 'text_model.encoder.layers.7.layer_norm1.weight', 'text_model.encoder.layers.1.layer_norm2.weight', 'text_model.encoder.layers.11.self_attn.out_proj.weight', 'text_model.encoder.layers.10.mlp.fc2.weight', 'text_model.encoder.layers.4.layer_norm1.weight', 'text_model.encoder.layers.9.mlp.fc2.weight', 'text_model.encoder.layers.7.self_attn.q_proj.weight', 'text_model.encoder.layers.10.self_attn.out_proj.weight', 'text_model.encoder.layers.2.self_attn.v_proj.bias', 'text_model.encoder.layers.1.self_attn.v_proj.weight', 'text_model.encoder.layers.3.mlp.fc1.bias', 'text_model.encoder.layers.11.layer_norm1.weight', 'text_model.encoder.layers.9.self_attn.k_proj.bias', 'text_model.encoder.layers.3.self_attn.out_proj.bias', 'text_model.encoder.layers.3.layer_norm2.weight', 'text_model.encoder.layers.10.layer_norm2.weight', 'text_model.encoder.layers.10.layer_norm1.weight', 'text_model.encoder.layers.0.layer_norm1.weight', 'text_model.encoder.layers.1.layer_norm1.bias', 'text_model.encoder.layers.4.mlp.fc1.bias', 'text_model.encoder.layers.0.self_attn.q_proj.weight', 'text_model.encoder.layers.3.self_attn.v_proj.weight', 'text_model.encoder.layers.10.layer_norm1.bias', 'text_model.encoder.layers.4.mlp.fc2.bias', 'text_model.encoder.layers.11.layer_norm1.bias', 'text_model.encoder.layers.6.self_attn.v_proj.weight', 'text_model.encoder.layers.0.layer_norm1.bias', 'text_model.encoder.layers.9.self_attn.v_proj.weight', 'text_model.encoder.layers.3.layer_norm1.weight', 'text_model.encoder.layers.6.layer_norm2.bias', 'text_model.encoder.layers.11.mlp.fc2.bias', 'text_model.encoder.layers.7.self_attn.v_proj.weight', 'text_model.encoder.layers.2.self_attn.q_proj.weight', 'text_model.encoder.layers.4.mlp.fc1.weight', 'text_model.encoder.layers.7.self_attn.q_proj.bias', 'text_model.encoder.layers.8.self_attn.k_proj.weight', 'text_model.encoder.layers.2.mlp.fc2.weight', 'text_model.encoder.layers.1.mlp.fc2.weight', 'text_model.encoder.layers.1.mlp.fc1.bias', 'text_model.encoder.layers.8.self_attn.v_proj.weight', 'text_model.encoder.layers.2.mlp.fc2.bias', 'text_model.encoder.layers.10.self_attn.out_proj.bias', 'text_model.encoder.layers.5.layer_norm1.bias', 'text_model.encoder.layers.9.self_attn.q_proj.weight', 'text_model.encoder.layers.1.self_attn.v_proj.bias', 'text_model.encoder.layers.4.self_attn.q_proj.weight', 'text_model.encoder.layers.11.mlp.fc1.bias', 'text_model.final_layer_norm.bias', 'text_model.encoder.layers.6.self_attn.out_proj.weight', 'text_model.encoder.layers.4.self_attn.v_proj.weight', 'text_model.encoder.layers.9.layer_norm2.weight', 'text_model.encoder.layers.3.self_attn.q_proj.weight', 'text_model.encoder.layers.1.layer_norm2.bias', 'text_model.encoder.layers.10.self_attn.v_proj.bias', 'text_model.encoder.layers.5.layer_norm1.weight', 'text_model.encoder.layers.3.self_attn.q_proj.bias', 'text_model.encoder.layers.7.mlp.fc2.bias', 'text_model.encoder.layers.7.self_attn.k_proj.bias', 'text_model.encoder.layers.7.self_attn.out_proj.weight', 'visual_projection.weight', 'text_model.encoder.layers.0.self_attn.k_proj.bias', 'text_model.encoder.layers.0.self_attn.k_proj.weight', 'text_model.encoder.layers.0.self_attn.q_proj.bias', 'text_model.encoder.layers.0.layer_norm2.weight', 'text_model.encoder.layers.8.mlp.fc1.weight', 'text_model.encoder.layers.11.self_attn.k_proj.weight', 'text_model.encoder.layers.0.self_attn.out_proj.weight', 'text_model.encoder.layers.4.self_attn.out_proj.bias', 'text_model.encoder.layers.4.layer_norm2.bias', 'text_model.encoder.layers.1.self_attn.q_proj.bias', 'text_model.encoder.layers.9.mlp.fc1.weight', 'text_model.encoder.layers.11.layer_norm2.weight', 'text_model.encoder.layers.2.layer_norm1.bias', 'text_model.encoder.layers.4.layer_norm2.weight', 'text_model.encoder.layers.9.layer_norm1.bias', 'text_model.encoder.layers.0.mlp.fc1.weight', 'text_model.encoder.layers.7.layer_norm2.weight', 'text_model.embeddings.position_ids', 'text_model.encoder.layers.11.layer_norm2.bias', 'text_model.encoder.layers.9.mlp.fc2.bias', 'text_model.encoder.layers.5.self_attn.v_proj.bias', 'text_model.encoder.layers.10.mlp.fc2.bias', 'text_model.encoder.layers.9.mlp.fc1.bias', 'text_model.encoder.layers.11.self_attn.v_proj.weight', 'text_model.encoder.layers.6.layer_norm1.weight', 'text_model.encoder.layers.11.mlp.fc1.weight', 'text_model.encoder.layers.1.self_attn.q_proj.weight', 'text_model.encoder.layers.7.self_attn.out_proj.bias', 'text_model.encoder.layers.5.mlp.fc1.bias', 'text_model.encoder.layers.6.mlp.fc2.weight', 'text_model.encoder.layers.2.mlp.fc1.weight', 'text_model.encoder.layers.5.self_attn.q_proj.bias', 'text_model.encoder.layers.6.self_attn.q_proj.weight', 'text_model.encoder.layers.1.self_attn.out_proj.weight', 'text_model.encoder.layers.7.mlp.fc2.weight', 'text_model.encoder.layers.11.self_attn.out_proj.bias', 'text_model.encoder.layers.6.self_attn.out_proj.bias', 'text_model.encoder.layers.5.layer_norm2.bias', 'text_model.encoder.layers.0.self_attn.out_proj.bias', 'text_model.encoder.layers.2.layer_norm1.weight', 'text_model.encoder.layers.6.mlp.fc1.weight', 'text_model.encoder.layers.10.self_attn.v_proj.weight', 'text_model.encoder.layers.10.self_attn.k_proj.bias', 'text_model.encoder.layers.11.self_attn.q_proj.bias', 'text_model.encoder.layers.8.self_attn.out_proj.weight', 'text_model.encoder.layers.1.self_attn.k_proj.bias', 'text_model.encoder.layers.8.self_attn.out_proj.bias', 'text_model.encoder.layers.8.mlp.fc2.bias', 'text_model.final_layer_norm.weight', 'text_model.encoder.layers.4.self_attn.k_proj.bias', 'text_model.encoder.layers.3.layer_norm2.bias', 'text_model.encoder.layers.8.mlp.fc1.bias', 'text_model.encoder.layers.1.mlp.fc2.bias', 'text_model.encoder.layers.7.mlp.fc1.bias', 'text_model.encoder.layers.6.mlp.fc2.bias', 'text_model.encoder.layers.5.self_attn.v_proj.weight', 'text_model.encoder.layers.6.layer_norm1.bias', 'text_model.encoder.layers.8.layer_norm2.bias', 'text_model.encoder.layers.10.self_attn.q_proj.bias', 'text_model.encoder.layers.9.layer_norm1.weight', 'text_model.encoder.layers.2.layer_norm2.weight', 'text_model.encoder.layers.3.self_attn.out_proj.weight', 'text_model.encoder.layers.9.layer_norm2.bias', 'text_model.encoder.layers.0.mlp.fc1.bias', 'text_model.encoder.layers.2.self_attn.q_proj.bias', 'text_model.encoder.layers.11.self_attn.q_proj.weight', 'text_model.encoder.layers.5.layer_norm2.weight', 'text_model.encoder.layers.5.mlp.fc2.weight', 'text_model.encoder.layers.5.self_attn.q_proj.weight', 'text_model.encoder.layers.7.mlp.fc1.weight', 'text_model.encoder.layers.8.layer_norm1.weight', 'text_model.encoder.layers.0.mlp.fc2.weight', 'logit_scale', 'text_model.encoder.layers.8.self_attn.q_proj.weight', 'text_model.encoder.layers.3.layer_norm1.bias', 'text_model.encoder.layers.11.self_attn.v_proj.bias', 'text_model.encoder.layers.2.layer_norm2.bias', 'text_model.encoder.layers.3.mlp.fc1.weight', 'text_model.encoder.layers.0.self_attn.v_proj.bias', 'text_model.encoder.layers.1.self_attn.out_proj.bias', 'text_model.encoder.layers.10.mlp.fc1.weight', 'text_model.encoder.layers.9.self_attn.k_proj.weight', 'text_model.encoder.layers.8.layer_norm1.bias', 'text_model.encoder.layers.5.self_attn.k_proj.bias', 'text_model.encoder.layers.0.layer_norm2.bias', 'text_model.encoder.layers.2.self_attn.out_proj.bias', 'text_model.encoder.layers.11.mlp.fc2.weight', 'text_model.encoder.layers.8.self_attn.v_proj.bias', 'text_model.encoder.layers.7.self_attn.v_proj.bias', 'text_model.encoder.layers.1.layer_norm1.weight', 'text_model.encoder.layers.7.self_attn.k_proj.weight', 'text_model.encoder.layers.4.layer_norm1.bias', 'text_model.encoder.layers.9.self_attn.out_proj.bias', 'text_model.encoder.layers.2.self_attn.k_proj.bias', 'text_model.encoder.layers.5.self_attn.out_proj.bias', 'text_model.encoder.layers.2.self_attn.v_proj.weight', 'text_model.encoder.layers.10.self_attn.q_proj.weight', 'text_model.encoder.layers.0.self_attn.v_proj.weight', 'text_model.encoder.layers.9.self_attn.v_proj.bias', 'text_model.encoder.layers.6.self_attn.k_proj.weight', 'text_model.encoder.layers.7.layer_norm1.bias', 'text_model.encoder.layers.7.layer_norm2.bias', 'text_model.encoder.layers.4.self_attn.k_proj.weight', 'text_model.encoder.layers.4.self_attn.v_proj.bias', 'text_model.encoder.layers.6.self_attn.k_proj.bias', 'text_model.encoder.layers.5.mlp.fc2.bias', 'text_model.encoder.layers.2.self_attn.out_proj.weight', 'text_model.encoder.layers.10.mlp.fc1.bias', 'text_model.encoder.layers.4.self_attn.out_proj.weight', 'text_model.encoder.layers.1.self_attn.k_proj.weight', 'text_model.encoder.layers.0.mlp.fc2.bias', 'text_model.encoder.layers.3.self_attn.k_proj.weight', 'text_model.encoder.layers.8.layer_norm2.weight', 'text_model.encoder.layers.5.self_attn.out_proj.weight', 'text_model.encoder.layers.3.mlp.fc2.weight', 'text_model.encoder.layers.8.self_attn.q_proj.bias']
- This IS expected if you are initializing CLIPVisionModel from the checkpoint of a model trained on another task or with another architecture (e.g. initializing a BertForSequenceClassification model from a BertForPreTraining model).
- This IS NOT expected if you are initializing CLIPVisionModel from the checkpoint of a model that you expect to be exactly identical (initializing a BertForSequenceClassification model from a BertForSequenceClassification model).
Process SpawnProcess-1:
Traceback (most recent call last):
  File "/home/aneesh/.conda/envs/slotvqa/lib/python3.9/site-packages/torch/multiprocessing/spawn.py", line 69, in _wrap
    fn(i, *args)
  File "/home/aneesh/github/slot_vqa/train.py", line 275, in main_worker
    for step, item in enumerate(loader, start=epoch*len(loader)):
  File "/home/aneesh/.conda/envs/slotvqa/lib/python3.9/site-packages/torch/utils/data/dataloader.py", line 530, in __next__
    data = self._next_data()
  File "/home/aneesh/.conda/envs/slotvqa/lib/python3.9/site-packages/torch/utils/data/dataloader.py", line 1224, in _next_data
    return self._process_data(data)
  File "/home/aneesh/.conda/envs/slotvqa/lib/python3.9/site-packages/torch/utils/data/dataloader.py", line 1250, in _process_data
    data.reraise()
  File "/home/aneesh/.conda/envs/slotvqa/lib/python3.9/site-packages/torch/_utils.py", line 457, in reraise
    raise exception
NameError: Caught NameError in DataLoader worker process 0.
Original Traceback (most recent call last):
  File "/home/aneesh/.conda/envs/slotvqa/lib/python3.9/site-packages/torch/utils/data/_utils/worker.py", line 287, in _worker_loop
    data = fetcher.fetch(index)
  File "/home/aneesh/.conda/envs/slotvqa/lib/python3.9/site-packages/torch/utils/data/_utils/fetch.py", line 49, in fetch
    data = [self.dataset[idx] for idx in possibly_batched_index]
  File "/home/aneesh/.conda/envs/slotvqa/lib/python3.9/site-packages/torch/utils/data/_utils/fetch.py", line 49, in <listcomp>
    data = [self.dataset[idx] for idx in possibly_batched_index]
  File "/home/aneesh/github/slot_vqa/datasets/test_easy_vqa.py", line 47, in __getitem__
    answer = ans2id[self.get_train_answers[index]]
NameError: name 'ans2id' is not defined
During handling of the above exception, another exception occurred:
Traceback (most recent call last):
  File "/home/aneesh/.conda/envs/slotvqa/lib/python3.9/multiprocessing/process.py", line 315, in _bootstrap
    self.run()
  File "/home/aneesh/.conda/envs/slotvqa/lib/python3.9/multiprocessing/process.py", line 108, in run
    self._target(*self._args, **self._kwargs)
  File "/home/aneesh/.conda/envs/slotvqa/lib/python3.9/site-packages/torch/multiprocessing/spawn.py", line 76, in _wrap
    sys.exit(1)
  File "/home/aneesh/.conda/envs/slotvqa/lib/python3.9/site-packages/wandb/sdk/lib/exit_hooks.py", line 38, in exit
    self._orig_exit(orig_code)
SystemExit: 1
During handling of the above exception, another exception occurred:
Traceback (most recent call last):
  File "/home/aneesh/.conda/envs/slotvqa/lib/python3.9/multiprocessing/process.py", line 318, in _bootstrap
    util._exit_function()
  File "/home/aneesh/.conda/envs/slotvqa/lib/python3.9/multiprocessing/util.py", line 357, in _exit_function
    p.join()
  File "/home/aneesh/.conda/envs/slotvqa/lib/python3.9/multiprocessing/process.py", line 149, in join
    res = self._popen.wait(timeout)
  File "/home/aneesh/.conda/envs/slotvqa/lib/python3.9/multiprocessing/popen_fork.py", line 43, in wait
    return self.poll(os.WNOHANG if timeout == 0.0 else 0)
  File "/home/aneesh/.conda/envs/slotvqa/lib/python3.9/multiprocessing/popen_fork.py", line 27, in poll
    pid, sts = os.waitpid(self.pid, flag)
  File "/home/aneesh/.conda/envs/slotvqa/lib/python3.9/site-packages/torch/utils/data/_utils/signal_handling.py", line 66, in handler
    _error_if_any_worker_fails()
RuntimeError: DataLoader worker (pid 175521) is killed by signal: Terminated.